<?xml version="1.0" encoding="UTF-8"?>
<!-- Generated by org.testng.reporters.JUnitXMLReporter -->
<testsuite ignored="0" hostname="LAPTOP-REH3M8RL" failures="0" tests="12" name="Test1" time="101.342" errors="0" timestamp="2021-10-14T20:54:50 IST">
  <testcase classname="josephart2.sample1" name="test9" time="14.185"/>
  <testcase classname="josephart2.sample1" name="test8" time="8.469"/>
  <testcase classname="josephart2.sample1" name="test7" time="7.805"/>
  <testcase classname="josephart2.sample1" name="test6" time="6.79"/>
  <testcase classname="josephart2.sample1" name="test5" time="7.189"/>
  <testcase classname="josephart2.sample1" name="test4" time="7.604"/>
  <testcase classname="josephart2.sample1" name="test3" time="7.179"/>
  <testcase classname="josephart2.sample1" name="test2" time="7.746"/>
  <testcase classname="josephart2.sample1" name="test1" time="6.87"/>
  <testcase classname="josephart2.sample2" name="executSessionOne" time="9.172"/>
  <testcase classname="josephart2.sample2" name="executSessionThree" time="8.928"/>
  <testcase classname="josephart2.sample2" name="executeSessionTwo" time="9.353"/>
</testsuite> <!-- Test1 -->
