<?xml version="1.0" encoding="UTF-8"?>
<!-- Generated by org.testng.reporters.JUnitXMLReporter -->
<testsuite ignored="0" hostname="LAPTOP-REH3M8RL" failures="0" tests="9" name="Default test" time="71.129" errors="0" timestamp="2021-10-14T20:33:50 IST">
  <testcase classname="josephart2.sample1" name="test9" time="14.764"/>
  <testcase classname="josephart2.sample1" name="test8" time="6.916"/>
  <testcase classname="josephart2.sample1" name="test7" time="6.483"/>
  <testcase classname="josephart2.sample1" name="test6" time="7.293"/>
  <testcase classname="josephart2.sample1" name="test5" time="6.32"/>
  <testcase classname="josephart2.sample1" name="test4" time="7.525"/>
  <testcase classname="josephart2.sample1" name="test3" time="7.207"/>
  <testcase classname="josephart2.sample1" name="test2" time="7.708"/>
  <testcase classname="josephart2.sample1" name="test1" time="6.865"/>
</testsuite> <!-- Default test -->
