<?xml version="1.0" encoding="UTF-8"?>
<testng-results ignored="0" total="12" passed="12" failed="0" skipped="0">
  <reporter-output>
  </reporter-output>
  <suite started-at="2021-10-14T20:56:52 IST" name="TestSuite" finished-at="2021-10-14T20:57:15 IST" duration-ms="22777">
    <groups>
    </groups>
    <test started-at="2021-10-14T20:56:52 IST" name="Test1" finished-at="2021-10-14T20:57:15 IST" duration-ms="22777">
      <class name="josephart2.sample1">
        <test-method signature="test7()[pri:3, instance:josephart2.sample1@4ef37659]" started-at="2021-10-14T20:56:52 IST" name="test7" finished-at="2021-10-14T20:57:04 IST" duration-ms="11793" status="PASS">
          <reporter-output>
          </reporter-output>
        </test-method> <!-- test7 -->
        <test-method signature="test8()[pri:2, instance:josephart2.sample1@4ef37659]" started-at="2021-10-14T20:56:52 IST" name="test8" finished-at="2021-10-14T20:57:04 IST" duration-ms="11844" status="PASS">
          <reporter-output>
          </reporter-output>
        </test-method> <!-- test8 -->
        <test-method signature="test9()[pri:1, instance:josephart2.sample1@4ef37659]" started-at="2021-10-14T20:56:52 IST" name="test9" finished-at="2021-10-14T20:57:06 IST" duration-ms="13804" status="PASS">
          <reporter-output>
          </reporter-output>
        </test-method> <!-- test9 -->
        <test-method signature="test6()[pri:4, instance:josephart2.sample1@4ef37659]" started-at="2021-10-14T20:56:58 IST" name="test6" finished-at="2021-10-14T20:57:07 IST" duration-ms="8402" status="PASS">
          <reporter-output>
          </reporter-output>
        </test-method> <!-- test6 -->
        <test-method signature="test5()[pri:5, instance:josephart2.sample1@4ef37659]" started-at="2021-10-14T20:57:02 IST" name="test5" finished-at="2021-10-14T20:57:09 IST" duration-ms="7211" status="PASS">
          <reporter-output>
          </reporter-output>
        </test-method> <!-- test5 -->
        <test-method signature="test4()[pri:6, instance:josephart2.sample1@4ef37659]" started-at="2021-10-14T20:57:03 IST" name="test4" finished-at="2021-10-14T20:57:11 IST" duration-ms="8536" status="PASS">
          <reporter-output>
          </reporter-output>
        </test-method> <!-- test4 -->
        <test-method signature="test3()[pri:7, instance:josephart2.sample1@4ef37659]" started-at="2021-10-14T20:57:04 IST" name="test3" finished-at="2021-10-14T20:57:12 IST" duration-ms="8662" status="PASS">
          <reporter-output>
          </reporter-output>
        </test-method> <!-- test3 -->
        <test-method signature="test2()[pri:8, instance:josephart2.sample1@4ef37659]" started-at="2021-10-14T20:57:04 IST" name="test2" finished-at="2021-10-14T20:57:15 IST" duration-ms="10889" status="PASS">
          <reporter-output>
          </reporter-output>
        </test-method> <!-- test2 -->
        <test-method signature="test1()[pri:9, instance:josephart2.sample1@4ef37659]" started-at="2021-10-14T20:57:06 IST" name="test1" finished-at="2021-10-14T20:57:13 IST" duration-ms="7320" status="PASS">
          <reporter-output>
          </reporter-output>
        </test-method> <!-- test1 -->
      </class> <!-- josephart2.sample1 -->
      <class name="josephart2.sample2">
        <test-method signature="executeSessionTwo()[pri:0, instance:josephart2.sample2@776b83cc]" started-at="2021-10-14T20:56:52 IST" name="executeSessionTwo" finished-at="2021-10-14T20:56:58 IST" duration-ms="6271" status="PASS">
          <reporter-output>
          </reporter-output>
        </test-method> <!-- executeSessionTwo -->
        <test-method signature="executSessionThree()[pri:0, instance:josephart2.sample2@776b83cc]" started-at="2021-10-14T20:56:52 IST" name="executSessionThree" finished-at="2021-10-14T20:57:02 IST" duration-ms="10117" status="PASS">
          <reporter-output>
          </reporter-output>
        </test-method> <!-- executSessionThree -->
        <test-method signature="executSessionOne()[pri:0, instance:josephart2.sample2@776b83cc]" started-at="2021-10-14T20:56:52 IST" name="executSessionOne" finished-at="2021-10-14T20:57:03 IST" duration-ms="10593" status="PASS">
          <reporter-output>
          </reporter-output>
        </test-method> <!-- executSessionOne -->
      </class> <!-- josephart2.sample2 -->
    </test> <!-- Test1 -->
  </suite> <!-- TestSuite -->
</testng-results>
