<?xml version="1.0" encoding="UTF-8"?>
<!-- Generated by org.testng.reporters.JUnitXMLReporter -->
<testsuite ignored="0" hostname="LAPTOP-REH3M8RL" failures="0" tests="3" name="testGuru" time="10.253" errors="0" timestamp="2021-10-14T20:51:42 IST">
  <testcase classname="josephart2.sample2" name="executeSessionTwo" time="5.865"/>
  <testcase classname="josephart2.sample2" name="executSessionOne" time="10.118"/>
  <testcase classname="josephart2.sample2" name="executSessionThree" time="10.227"/>
</testsuite> <!-- testGuru -->
