<?xml version="1.0" encoding="UTF-8"?>
<!-- Generated by org.testng.reporters.JUnitXMLReporter -->
<testsuite ignored="0" hostname="LAPTOP-REH3M8RL" failures="0" tests="12" name="Test1" time="22.777" errors="0" timestamp="2021-10-14T20:57:15 IST">
  <testcase classname="josephart2.sample2" name="executeSessionTwo" time="6.271"/>
  <testcase classname="josephart2.sample2" name="executSessionThree" time="10.117"/>
  <testcase classname="josephart2.sample2" name="executSessionOne" time="10.593"/>
  <testcase classname="josephart2.sample1" name="test7" time="11.793"/>
  <testcase classname="josephart2.sample1" name="test8" time="11.844"/>
  <testcase classname="josephart2.sample1" name="test9" time="13.804"/>
  <testcase classname="josephart2.sample1" name="test6" time="8.402"/>
  <testcase classname="josephart2.sample1" name="test5" time="7.211"/>
  <testcase classname="josephart2.sample1" name="test4" time="8.536"/>
  <testcase classname="josephart2.sample1" name="test3" time="8.662"/>
  <testcase classname="josephart2.sample1" name="test1" time="7.32"/>
  <testcase classname="josephart2.sample1" name="test2" time="10.889"/>
</testsuite> <!-- Test1 -->
